<html>
<body>
<pre>
<h1>Vision Build Log</h1>
<h2>Project:</h2>
D:\git\STM32F103_fft_test\Project\FFT_Demo\RVMDK\FFT_Demo.uvproj
Project File Date:  03/29/2018

<h2>Output:</h2>
Build target 'STM3210B-EVAL'
compiling main.c...
linking...
Program Size: Code=10572 RO-data=268 RW-data=28 ZI-data=14964  
".\Obj\STM3210B-EVAL.axf" - 0 Error(s), 0 Warning(s).
Load "D:\\git\\STM32F103_fft_test\\Project\\FFT_Demo\\RVMDK\\Obj\\STM3210B-EVAL.axf" 
Erase Done.
Programming Done.
Verify OK.
</pre>
</body>
</html>
         cr4_fft_64_stm32(lBUFOUT,lBUFIN, NPT);
..\src\main.c(151): warning:  #167-D: argument of type "volatile u32 *" is incompatible with parameter of type "void *"
      cr4_fft_64_stm32(lBUFOUT, lBUFIN, NPT);
..\src\main.c(151): warning:  #167-D: argument of type "volatile u32 *" is incompatible with parameter of type "void *"
      cr4_fft_64_stm32(lBUFOUT, lBUFIN, NPT);
..\src\main.c(146): warning:  #550-D: variable "bug" was set but never used
        long bug[64];
..\src\main.c: 5 warnings, 0 errors
linking...
Program Size: Code=6780 RO-data=268 RW-data=28 ZI-data=1524  
".\Obj\STM3210B-EVAL.axf" - 0 Error(s), 5 Warning(s).
Load "D:\\git\\STM32F103_fft_test\\Project\\FFT_Demo\\RVMDK\\Obj\\STM3210B-EVAL.axf" 
Erase Done.
Programming Done.
Verify OK.
id *"
      cr4_fft_64_stm32(lBUFOUT, lBUFIN, NPT);
..\src\main.c: 7 warnings, 0 errors
linking...
Program Size: Code=6780 RO-data=268 RW-data=28 ZI-data=1524  
".\Obj\STM3210B-EVAL.axf" - 0 Error(s), 7 Warning(s).
Load "D:\\git\\STM32F103_fft_test\\Project\\FFT_Demo\\RVMDK\\Obj\\STM3210B-EVAL.axf" 
Erase Done.
Programming Done.
Verify OK.
OK.
ResetCalibrationStatus" declared implicitly
        while(ADC_GetResetCalibrationStatus(ADC1));     //等待复位校准结束
..\..\HARDWARE\ADC\adc.c(52): warning:  #223-D: function "ADC_StartCalibration" declared implicitly
        ADC_StartCalibration(ADC1);      //开启AD校准
..\..\HARDWARE\ADC\adc.c(54): warning:  #223-D: function "ADC_GetCalibrationStatus" declared implicitly
        while(ADC_GetCalibrationStatus(ADC1));   //等待校准结束
..\..\HARDWARE\ADC\adc.c(64): warning:  #223-D: function "ADC_RegularChannelConfig" declared implicitly
        ADC_RegularChannelConfig(ADC1, ch, 1, ADC_SampleTime_239Cycles5 );      //ADC1,ADC通道,采样时间为239.5周期                                  
..\..\HARDWARE\ADC\adc.c(64): error:  #20: identifier "ADC_SampleTime_239Cycles5" is undefined
        ADC_RegularChannelConfig(ADC1, ch, 1, ADC_SampleTime_239Cycles5 );      //ADC1,ADC通道,采样时间为239.5周期                                  
..\..\HARDWARE\ADC\adc.c(66): warning:  #223-D: function "ADC_SoftwareStartConvCmd" declared implicitly
        ADC_SoftwareStartConvCmd(ADC1, ENABLE);         //使能指定的ADC1的软件转换启动功能      
..\..\HARDWARE\ADC\adc.c(68): warning:  #223-D: function "ADC_GetFlagStatus" declared implicitly
        while(!ADC_GetFlagStatus(ADC1, ADC_FLAG_EOC ));//等待转换结束
..\..\HARDWARE\ADC\adc.c(68): error:  #20: identifier "ADC_FLAG_EOC" is undefined
        while(!ADC_GetFlagStatus(ADC1, ADC_FLAG_EOC ));//等待转换结束
..\..\HARDWARE\ADC\adc.c(70): warning:  #223-D: function "ADC_GetConversionValue" declared implicitly
        return ADC_GetConversionValue(ADC1);    //返回最近一次ADC1规则组的转换结果
..\..\HARDWARE\ADC\adc.c: 11 warnings, 6 errors
".\Obj\STM3210B-EVAL.axf" - 6 Error(s), 11 Warning(s).
Target not created
ning(s).
Target not created
G_EOC ));//等待转换结束
..\..\HARDWARE\ADC\adc.c(69): warning:  #223-D: function "ADC_GetConversionValue" declared implicitly
        return ADC_GetConversionValue(ADC1);    //返回最近一次ADC1规则组的转换结果
..\..\HARDWARE\ADC\adc.c: 11 warnings, 6 errors
".\Obj\STM3210B-EVAL.axf" - 6 Error(s), 11 Warning(s).
Target not created
